This is pdfTeX, Version 3.14159265-2.6-1.40.20 (TeX Live 2019) (preloaded format=pdflatex 2019.10.17)  30 SEP 2020 11:06
entering extended mode
 restricted \write18 enabled.
 %&-line parsing enabled.
**/home/etienne/ownCloud/Manuscrit/img/chapitre4/figure3/best-basis-s.tikz
(/home/etienne/ownCloud/Manuscrit/img/chapitre4/figure3/best-basis-s.tikz
LaTeX2e <2019-10-01> patch level 1
(/home/etienne/.texlive/2019/texmf-dist/tex/latex/standalone/standalone.cls
Document Class: standalone 2018/03/26 v1.3a Class to compile TeX sub-files stan
dalone
(/home/etienne/.texlive/2019/texmf-dist/tex/latex/tools/shellesc.sty
Package: shellesc 2016/06/07 v0.02b unified shell escape interface for LaTeX
Package shellesc Info: Restricted shell escape enabled on input line 72.
)
(/home/etienne/.texlive/2019/texmf-dist/tex/generic/oberdiek/ifluatex.sty
Package: ifluatex 2016/05/16 v1.4 Provides the ifluatex switch (HO)
Package ifluatex Info: LuaTeX not detected.
)
(/home/etienne/.texlive/2019/texmf-dist/tex/generic/oberdiek/ifpdf.sty
Package: ifpdf 2018/09/07 v3.3 Provides the ifpdf switch
)
(/home/etienne/.texlive/2019/texmf-dist/tex/generic/ifxetex/ifxetex.sty
Package: ifxetex 2010/09/12 v0.6 Provides ifxetex conditional
)
(/home/etienne/.texlive/2019/texmf-dist/tex/latex/xkeyval/xkeyval.sty
Package: xkeyval 2014/12/03 v2.7a package option processing (HA)

(/home/etienne/.texlive/2019/texmf-dist/tex/generic/xkeyval/xkeyval.tex
(/home/etienne/.texlive/2019/texmf-dist/tex/generic/xkeyval/xkvutils.tex
\XKV@toks=\toks14
\XKV@tempa@toks=\toks15

(/home/etienne/.texlive/2019/texmf-dist/tex/generic/xkeyval/keyval.tex))
\XKV@depth=\count80
File: xkeyval.tex 2014/12/03 v2.7a key=value parser (HA)
))
\sa@internal=\count81
\c@sapage=\count82

(/home/etienne/.texlive/2019/texmf-dist/tex/latex/standalone/standalone.cfg
File: standalone.cfg 2018/03/26 v1.3a Default configuration file for 'standalon
e' class
)
(/home/etienne/.texlive/2019/texmf-dist/tex/latex/base/article.cls
Document Class: article 2019/08/27 v1.4j Standard LaTeX document class
(/home/etienne/.texlive/2019/texmf-dist/tex/latex/base/size10.clo
File: size10.clo 2019/08/27 v1.4j Standard LaTeX file (size option)
)
\c@part=\count83
\c@section=\count84
\c@subsection=\count85
\c@subsubsection=\count86
\c@paragraph=\count87
\c@subparagraph=\count88
\c@figure=\count89
\c@table=\count90
\abovecaptionskip=\skip41
\belowcaptionskip=\skip42
\bibindent=\dimen102
)
(/home/etienne/.texlive/2019/texmf-dist/tex/latex/varwidth/varwidth.sty
Package: varwidth 2009/03/30 ver 0.92;  Variable-width minipages
\@vwid@box=\box27
\sift@deathcycles=\count91
\@vwid@loff=\dimen103
\@vwid@roff=\dimen104
)
\sa@box=\box28
)
(/home/etienne/.texmf/tex/latex/style/tikzstyle.sty
(/home/etienne/.texmf/tex/latex/pgf/tex/tikz.sty
(/home/etienne/.texmf/tex/latex/pgf/tex/pgf.sty
(/home/etienne/.texmf/tex/latex/pgf/tex/pgfrcs.sty
(/home/etienne/.texmf/tex/latex/pgf/tex/pgfutil-common.tex
\pgfutil@everybye=\toks16
\pgfutil@tempdima=\dimen105
\pgfutil@tempdimb=\dimen106

(/home/etienne/.texmf/tex/latex/pgf/tex/pgfutil-common-lists.tex))
(/home/etienne/.texmf/tex/latex/pgf/tex/pgfutil-latex.def
\pgfutil@abb=\box29

(/home/etienne/.texlive/2019/texmf-dist/tex/latex/ms/everyshi.sty
Package: everyshi 2001/05/15 v3.00 EveryShipout Package (MS)
))
(/home/etienne/.texmf/tex/latex/pgf/tex/pgfrcs.code.tex
(/home/etienne/.texmf/tex/latex/pgf/tex/pgf.revision.tex)
Package: pgfrcs 2019/08/03 v3.1.4b (3.1.4b)
))
Package: pgf 2019/08/03 v3.1.4b (3.1.4b)

(/home/etienne/.texmf/tex/latex/pgf/tex/pgfcore.sty
(/home/etienne/.texlive/2019/texmf-dist/tex/latex/graphics/graphicx.sty
Package: graphicx 2017/06/01 v1.1a Enhanced LaTeX Graphics (DPC,SPQR)

(/home/etienne/.texlive/2019/texmf-dist/tex/latex/graphics/graphics.sty
Package: graphics 2019/10/08 v1.3c Standard LaTeX Graphics (DPC,SPQR)

(/home/etienne/.texlive/2019/texmf-dist/tex/latex/graphics/trig.sty
Package: trig 2016/01/03 v1.10 sin cos tan (DPC)
)
(/home/etienne/.texlive/2019/texmf-dist/tex/latex/graphics-cfg/graphics.cfg
File: graphics.cfg 2016/06/04 v1.11 sample graphics configuration
)
Package graphics Info: Driver file: pdftex.def on input line 105.

(/home/etienne/.texlive/2019/texmf-dist/tex/latex/graphics-def/pdftex.def
File: pdftex.def 2018/01/08 v1.0l Graphics/color driver for pdftex
))
\Gin@req@height=\dimen107
\Gin@req@width=\dimen108
)
(/home/etienne/.texmf/tex/latex/pgf/tex/pgfsys.sty
(/home/etienne/.texmf/tex/latex/pgf/tex/pgfsys.code.tex
Package: pgfsys 2019/08/03 v3.1.4b (3.1.4b)

(/home/etienne/.texmf/tex/latex/pgf/tex/pgfkeys.code.tex
\pgfkeys@pathtoks=\toks17
\pgfkeys@temptoks=\toks18

(/home/etienne/.texmf/tex/latex/pgf/tex/pgfkeysfiltered.code.tex
\pgfkeys@tmptoks=\toks19
))
\pgf@x=\dimen109
\pgf@y=\dimen110
\pgf@xa=\dimen111
\pgf@ya=\dimen112
\pgf@xb=\dimen113
\pgf@yb=\dimen114
\pgf@xc=\dimen115
\pgf@yc=\dimen116
\pgf@xd=\dimen117
\pgf@yd=\dimen118
\w@pgf@writea=\write3
\r@pgf@reada=\read1
\c@pgf@counta=\count92
\c@pgf@countb=\count93
\c@pgf@countc=\count94
\c@pgf@countd=\count95
\t@pgf@toka=\toks20
\t@pgf@tokb=\toks21
\t@pgf@tokc=\toks22
\pgf@sys@id@count=\count96

(/home/etienne/.texmf/tex/latex/pgf/tex/pgf.cfg
File: pgf.cfg 2019/08/03 v3.1.4b (3.1.4b)
)
Driver file for pgf: pgfsys-pdftex.def

(/home/etienne/.texmf/tex/latex/pgf/tex/pgfsys-pdftex.def
File: pgfsys-pdftex.def 2019/08/03 v3.1.4b (3.1.4b)

(/home/etienne/.texmf/tex/latex/pgf/tex/pgfsys-common-pdf.def
File: pgfsys-common-pdf.def 2019/08/03 v3.1.4b (3.1.4b)
)))
(/home/etienne/.texmf/tex/latex/pgf/tex/pgfsyssoftpath.code.tex
File: pgfsyssoftpath.code.tex 2019/08/03 v3.1.4b (3.1.4b)
\pgfsyssoftpath@smallbuffer@items=\count97
\pgfsyssoftpath@bigbuffer@items=\count98
)
(/home/etienne/.texmf/tex/latex/pgf/tex/pgfsysprotocol.code.tex
File: pgfsysprotocol.code.tex 2019/08/03 v3.1.4b (3.1.4b)
))
(/home/etienne/.texlive/2019/texmf-dist/tex/latex/xcolor/xcolor.sty
Package: xcolor 2016/05/11 v2.12 LaTeX color extensions (UK)

(/home/etienne/.texlive/2019/texmf-dist/tex/latex/graphics-cfg/color.cfg
File: color.cfg 2016/01/02 v1.6 sample color configuration
)
Package xcolor Info: Driver file: pdftex.def on input line 225.
Package xcolor Info: Model `cmy' substituted by `cmy0' on input line 1348.
Package xcolor Info: Model `hsb' substituted by `rgb' on input line 1352.
Package xcolor Info: Model `RGB' extended on input line 1364.
Package xcolor Info: Model `HTML' substituted by `rgb' on input line 1366.
Package xcolor Info: Model `Hsb' substituted by `hsb' on input line 1367.
Package xcolor Info: Model `tHsb' substituted by `hsb' on input line 1368.
Package xcolor Info: Model `HSB' substituted by `hsb' on input line 1369.
Package xcolor Info: Model `Gray' substituted by `gray' on input line 1370.
Package xcolor Info: Model `wave' substituted by `hsb' on input line 1371.
)
(/home/etienne/.texmf/tex/latex/pgf/tex/pgfcore.code.tex
Package: pgfcore 2019/08/03 v3.1.4b (3.1.4b)

(/home/etienne/.texmf/tex/latex/pgf/tex/pgfmath.code.tex
(/home/etienne/.texmf/tex/latex/pgf/tex/pgfmathcalc.code.tex
(/home/etienne/.texmf/tex/latex/pgf/tex/pgfmathutil.code.tex)
(/home/etienne/.texmf/tex/latex/pgf/tex/pgfmathparser.code.tex
\pgfmath@dimen=\dimen119
\pgfmath@count=\count99
\pgfmath@box=\box30
\pgfmath@toks=\toks23
\pgfmath@stack@operand=\toks24
\pgfmath@stack@operation=\toks25
)
(/home/etienne/.texmf/tex/latex/pgf/tex/pgfmathfunctions.code.tex
(/home/etienne/.texmf/tex/latex/pgf/tex/pgfmathfunctions.basic.code.tex)
(/home/etienne/.texmf/tex/latex/pgf/tex/pgfmathfunctions.trigonometric.code.tex
) (/home/etienne/.texmf/tex/latex/pgf/tex/pgfmathfunctions.random.code.tex)
(/home/etienne/.texmf/tex/latex/pgf/tex/pgfmathfunctions.comparison.code.tex)
(/home/etienne/.texmf/tex/latex/pgf/tex/pgfmathfunctions.base.code.tex)
(/home/etienne/.texmf/tex/latex/pgf/tex/pgfmathfunctions.round.code.tex)
(/home/etienne/.texmf/tex/latex/pgf/tex/pgfmathfunctions.misc.code.tex)
(/home/etienne/.texmf/tex/latex/pgf/tex/pgfmathfunctions.integerarithmetics.cod
e.tex))) (/home/etienne/.texmf/tex/latex/pgf/tex/pgfmathfloat.code.tex
\c@pgfmathroundto@lastzeros=\count100
))
(/home/etienne/.texmf/tex/latex/pgf/tex/pgfint.code.tex)
(/home/etienne/.texmf/tex/latex/pgf/tex/pgfcorepoints.code.tex
File: pgfcorepoints.code.tex 2019/08/03 v3.1.4b (3.1.4b)
\pgf@picminx=\dimen120
\pgf@picmaxx=\dimen121
\pgf@picminy=\dimen122
\pgf@picmaxy=\dimen123
\pgf@pathminx=\dimen124
\pgf@pathmaxx=\dimen125
\pgf@pathminy=\dimen126
\pgf@pathmaxy=\dimen127
\pgf@xx=\dimen128
\pgf@xy=\dimen129
\pgf@yx=\dimen130
\pgf@yy=\dimen131
\pgf@zx=\dimen132
\pgf@zy=\dimen133
)
(/home/etienne/.texmf/tex/latex/pgf/tex/pgfcorepathconstruct.code.tex
File: pgfcorepathconstruct.code.tex 2019/08/03 v3.1.4b (3.1.4b)
\pgf@path@lastx=\dimen134
\pgf@path@lasty=\dimen135
)
(/home/etienne/.texmf/tex/latex/pgf/tex/pgfcorepathusage.code.tex
File: pgfcorepathusage.code.tex 2019/08/03 v3.1.4b (3.1.4b)
\pgf@shorten@end@additional=\dimen136
\pgf@shorten@start@additional=\dimen137
)
(/home/etienne/.texmf/tex/latex/pgf/tex/pgfcorescopes.code.tex
File: pgfcorescopes.code.tex 2019/08/03 v3.1.4b (3.1.4b)
\pgfpic=\box31
\pgf@hbox=\box32
\pgf@layerbox@main=\box33
\pgf@picture@serial@count=\count101
)
(/home/etienne/.texmf/tex/latex/pgf/tex/pgfcoregraphicstate.code.tex
File: pgfcoregraphicstate.code.tex 2019/08/03 v3.1.4b (3.1.4b)
\pgflinewidth=\dimen138
)
(/home/etienne/.texmf/tex/latex/pgf/tex/pgfcoretransformations.code.tex
File: pgfcoretransformations.code.tex 2019/08/03 v3.1.4b (3.1.4b)
\pgf@pt@x=\dimen139
\pgf@pt@y=\dimen140
\pgf@pt@temp=\dimen141
)
(/home/etienne/.texmf/tex/latex/pgf/tex/pgfcorequick.code.tex
File: pgfcorequick.code.tex 2019/08/03 v3.1.4b (3.1.4b)
)
(/home/etienne/.texmf/tex/latex/pgf/tex/pgfcoreobjects.code.tex
File: pgfcoreobjects.code.tex 2019/08/03 v3.1.4b (3.1.4b)
)
(/home/etienne/.texmf/tex/latex/pgf/tex/pgfcorepathprocessing.code.tex
File: pgfcorepathprocessing.code.tex 2019/08/03 v3.1.4b (3.1.4b)
)
(/home/etienne/.texmf/tex/latex/pgf/tex/pgfcorearrows.code.tex
File: pgfcorearrows.code.tex 2019/08/03 v3.1.4b (3.1.4b)
\pgfarrowsep=\dimen142
)
(/home/etienne/.texmf/tex/latex/pgf/tex/pgfcoreshade.code.tex
File: pgfcoreshade.code.tex 2019/08/03 v3.1.4b (3.1.4b)
\pgf@max=\dimen143
\pgf@sys@shading@range@num=\count102
\pgf@shadingcount=\count103
)
(/home/etienne/.texmf/tex/latex/pgf/tex/pgfcoreimage.code.tex
File: pgfcoreimage.code.tex 2019/08/03 v3.1.4b (3.1.4b)

(/home/etienne/.texmf/tex/latex/pgf/tex/pgfcoreexternal.code.tex
File: pgfcoreexternal.code.tex 2019/08/03 v3.1.4b (3.1.4b)
\pgfexternal@startupbox=\box34
))
(/home/etienne/.texmf/tex/latex/pgf/tex/pgfcorelayers.code.tex
File: pgfcorelayers.code.tex 2019/08/03 v3.1.4b (3.1.4b)
)
(/home/etienne/.texmf/tex/latex/pgf/tex/pgfcoretransparency.code.tex
File: pgfcoretransparency.code.tex 2019/08/03 v3.1.4b (3.1.4b)
)
(/home/etienne/.texmf/tex/latex/pgf/tex/pgfcorepatterns.code.tex
File: pgfcorepatterns.code.tex 2019/08/03 v3.1.4b (3.1.4b)
)
(/home/etienne/.texmf/tex/latex/pgf/tex/pgfcorerdf.code.tex
File: pgfcorerdf.code.tex 2019/08/03 v3.1.4b (3.1.4b)
)))
(/home/etienne/.texmf/tex/latex/pgf/tex/pgfmoduleshapes.code.tex
File: pgfmoduleshapes.code.tex 2019/08/03 v3.1.4b (3.1.4b)
\pgfnodeparttextbox=\box35
)
(/home/etienne/.texmf/tex/latex/pgf/tex/pgfmoduleplot.code.tex
File: pgfmoduleplot.code.tex 2019/08/03 v3.1.4b (3.1.4b)
)
(/home/etienne/.texmf/tex/latex/pgf/tex/pgfcomp-version-0-65.sty
Package: pgfcomp-version-0-65 2019/08/03 v3.1.4b (3.1.4b)
\pgf@nodesepstart=\dimen144
\pgf@nodesepend=\dimen145
)
(/home/etienne/.texmf/tex/latex/pgf/tex/pgfcomp-version-1-18.sty
Package: pgfcomp-version-1-18 2019/08/03 v3.1.4b (3.1.4b)
))
(/home/etienne/.texmf/tex/latex/pgf/tex/pgffor.sty
(/home/etienne/.texmf/tex/latex/pgf/tex/pgfkeys.sty
(/home/etienne/.texmf/tex/latex/pgf/tex/pgfkeys.code.tex))
(/home/etienne/.texmf/tex/latex/pgf/tex/pgfmath.sty
(/home/etienne/.texmf/tex/latex/pgf/tex/pgfmath.code.tex))
(/home/etienne/.texmf/tex/latex/pgf/tex/pgffor.code.tex
Package: pgffor 2019/08/03 v3.1.4b (3.1.4b)

(/home/etienne/.texmf/tex/latex/pgf/tex/pgfmath.code.tex)
\pgffor@iter=\dimen146
\pgffor@skip=\dimen147
\pgffor@stack=\toks26
\pgffor@toks=\toks27
))
(/home/etienne/.texmf/tex/latex/pgf/tex/tikz.code.tex
Package: tikz 2019/08/03 v3.1.4b (3.1.4b)

(/home/etienne/.texmf/tex/latex/pgf/tex/pgflibraryplothandlers.code.tex
File: pgflibraryplothandlers.code.tex 2019/08/03 v3.1.4b (3.1.4b)
\pgf@plot@mark@count=\count104
\pgfplotmarksize=\dimen148
)
\tikz@lastx=\dimen149
\tikz@lasty=\dimen150
\tikz@lastxsaved=\dimen151
\tikz@lastysaved=\dimen152
\tikz@lastmovetox=\dimen153
\tikz@lastmovetoy=\dimen154
\tikzleveldistance=\dimen155
\tikzsiblingdistance=\dimen156
\tikz@figbox=\box36
\tikz@figbox@bg=\box37
\tikz@tempbox=\box38
\tikz@tempbox@bg=\box39
\tikztreelevel=\count105
\tikznumberofchildren=\count106
\tikznumberofcurrentchild=\count107
\tikz@fig@count=\count108

(/home/etienne/.texmf/tex/latex/pgf/tex/pgfmodulematrix.code.tex
File: pgfmodulematrix.code.tex 2019/08/03 v3.1.4b (3.1.4b)
\pgfmatrixcurrentrow=\count109
\pgfmatrixcurrentcolumn=\count110
\pgf@matrix@numberofcolumns=\count111
)
\tikz@expandcount=\count112

(/home/etienne/.texmf/tex/latex/pgf/tex/tikzlibrarytopaths.code.tex
File: tikzlibrarytopaths.code.tex 2019/08/03 v3.1.4b (3.1.4b)
)))
(/home/etienne/.texmf/tex/latex/pgfplots/tex/pgfplots.sty
(/home/etienne/.texmf/tex/latex/pgfplots/tex/pgfplots.revision.tex)
Package: pgfplots 2020/02/29 v1.17 Data Visualization (1.17)

(/home/etienne/.texmf/tex/latex/pgfplots/tex/pgfplots.code.tex
(/home/etienne/.texmf/tex/latex/pgfplots/tex/pgfplotscore.code.tex
\t@pgfplots@toka=\toks28
\t@pgfplots@tokb=\toks29
\t@pgfplots@tokc=\toks30
\pgfplots@tmpa=\dimen157
\c@pgfplots@coordindex=\count113
\c@pgfplots@scanlineindex=\count114

(/home/etienne/.texmf/tex/latex/pgfplots/tex/pgfplotssysgeneric.code.tex))
(/home/etienne/.texmf/tex/latex/pgfplots/tex/pgfplotslibrary.code.tex)
(/home/etienne/.texmf/tex/latex/pgfplots/tex/pgfplotsoldpgfsupp_loader.code.tex
(/home/etienne/.texmf/tex/latex/pgf/tex/pgflibraryfpu.code.tex))
(/home/etienne/.texmf/tex/latex/pgfplots/tex/pgfplotsutil.code.tex
(/home/etienne/.texmf/tex/latex/pgfplots/tex/pgfplotsliststructure.code.tex)
(/home/etienne/.texmf/tex/latex/pgfplots/tex/pgfplotsliststructureext.code.tex)
(/home/etienne/.texmf/tex/latex/pgfplots/tex/pgfplotsarray.code.tex
\c@pgfplotsarray@tmp=\count115
)
(/home/etienne/.texmf/tex/latex/pgfplots/tex/pgfplotsmatrix.code.tex)
(/home/etienne/.texmf/tex/latex/pgfplots/tex/pgfplotstableshared.code.tex
\c@pgfplotstable@counta=\count116
\t@pgfplotstable@a=\toks31
)
(/home/etienne/.texmf/tex/latex/pgfplots/tex/pgfplotsdeque.code.tex)
(/home/etienne/.texmf/tex/latex/pgfplots/tex/pgfplotsbinary.code.tex
(/home/etienne/.texmf/tex/latex/pgfplots/tex/pgfplotsbinary.data.code.tex))
(/home/etienne/.texmf/tex/latex/pgfplots/tex/pgfplotsutil.verb.code.tex)
(/home/etienne/.texmf/tex/latex/pgfplots/tex/pgflibrarypgfplots.surfshading.cod
e.tex
\c@pgfplotslibrarysurf@no=\count117

(/home/etienne/.texmf/tex/latex/pgfplots/tex/pgflibrarypgfplots.surfshading.pgf
sys-pdftex.def)))
(/home/etienne/.texmf/tex/latex/pgfplots/tex/pgfplotscolormap.code.tex
(/home/etienne/.texmf/tex/latex/pgfplots/tex/pgfplotscolor.code.tex))
(/home/etienne/.texmf/tex/latex/pgfplots/tex/pgfplotsstackedplots.code.tex)
(/home/etienne/.texmf/tex/latex/pgfplots/tex/pgfplotsplothandlers.code.tex
(/home/etienne/.texmf/tex/latex/pgfplots/tex/pgfplotsmeshplothandler.code.tex
(/home/etienne/.texmf/tex/latex/pgfplots/tex/pgfplotsmeshplotimage.code.tex)))
(/home/etienne/.texmf/tex/latex/pgfplots/tex/pgfplots.scaling.code.tex)
(/home/etienne/.texmf/tex/latex/pgfplots/tex/pgfplotscoordprocessing.code.tex)
(/home/etienne/.texmf/tex/latex/pgfplots/tex/pgfplots.errorbars.code.tex)
(/home/etienne/.texmf/tex/latex/pgfplots/tex/pgfplots.markers.code.tex)
(/home/etienne/.texmf/tex/latex/pgfplots/tex/pgfplotsticks.code.tex)
(/home/etienne/.texmf/tex/latex/pgfplots/tex/pgfplots.paths.code.tex)
(/home/etienne/.texmf/tex/latex/pgf/tex/tikzlibrarydecorations.code.tex
(/home/etienne/.texmf/tex/latex/pgf/tex/pgfmoduledecorations.code.tex
\pgfdecoratedcompleteddistance=\dimen158
\pgfdecoratedremainingdistance=\dimen159
\pgfdecoratedinputsegmentcompleteddistance=\dimen160
\pgfdecoratedinputsegmentremainingdistance=\dimen161
\pgf@decorate@distancetomove=\dimen162
\pgf@decorate@repeatstate=\count118
\pgfdecorationsegmentamplitude=\dimen163
\pgfdecorationsegmentlength=\dimen164
)
\tikz@lib@dec@box=\box40
)
(/home/etienne/.texmf/tex/latex/pgf/tex/tikzlibrarydecorations.pathmorphing.cod
e.tex
(/home/etienne/.texmf/tex/latex/pgf/tex/pgflibrarydecorations.pathmorphing.code
.tex))
(/home/etienne/.texmf/tex/latex/pgf/tex/tikzlibrarydecorations.pathreplacing.co
de.tex
(/home/etienne/.texmf/tex/latex/pgf/tex/pgflibrarydecorations.pathreplacing.cod
e.tex))
\pgfplots@numplots=\count119
\pgfplots@xmin@reg=\dimen165
\pgfplots@xmax@reg=\dimen166
\pgfplots@ymin@reg=\dimen167
\pgfplots@ymax@reg=\dimen168
\pgfplots@zmin@reg=\dimen169
\pgfplots@zmax@reg=\dimen170
) (/home/etienne/.texmf/tex/latex/pgf/tex/tikzlibraryplotmarks.code.tex
File: tikzlibraryplotmarks.code.tex 2019/08/03 v3.1.4b (3.1.4b)

(/home/etienne/.texmf/tex/latex/pgf/tex/pgflibraryplotmarks.code.tex
File: pgflibraryplotmarks.code.tex 2019/08/03 v3.1.4b (3.1.4b)
)))
(/home/etienne/.texmf/tex/latex/pgfplots/tex/tikzlibrarypgfplots.fillbetween.co
de.tex
(/home/etienne/.texmf/tex/latex/pgfplots/tex/tikzlibraryfillbetween.code.tex
(/home/etienne/.texmf/tex/latex/pgf/tex/tikzlibraryintersections.code.tex
(/home/etienne/.texmf/tex/latex/pgf/tex/pgflibraryintersections.code.tex
\pgf@intersect@solutions=\count120
))
(/home/etienne/.texmf/tex/latex/pgfplots/tex/tikzlibrarydecorations.softclip.co
de.tex
(/home/etienne/.texmf/tex/latex/pgfplots/tex/pgflibraryfillbetween.code.tex)))
(/home/etienne/.texmf/tex/latex/pgfplots/tex/tikzlibrarypgfplots.decorations.so
ftclip.code.tex))
(/home/etienne/.texmf/tex/latex/pgf/tex/tikzlibrarybabel.code.tex
File: tikzlibrarybabel.code.tex 2019/08/03 v3.1.4b (3.1.4b)
)
(/home/etienne/.texmf/tex/latex/pgf/tex/tikzlibrarypatterns.code.tex
File: tikzlibrarypatterns.code.tex 2019/08/03 v3.1.4b (3.1.4b)

(/home/etienne/.texmf/tex/latex/pgf/tex/pgflibrarypatterns.code.tex
File: pgflibrarypatterns.code.tex 2019/08/03 v3.1.4b (3.1.4b)
))
(/home/etienne/.texmf/tex/latex/pgf/tex/tikzlibrarymatrix.code.tex
File: tikzlibrarymatrix.code.tex 2019/08/03 v3.1.4b (3.1.4b)
)
(/home/etienne/.texmf/tex/latex/pgf/tex/tikzlibrarydecorations.markings.code.te
x
(/home/etienne/.texmf/tex/latex/pgf/tex/pgflibrarydecorations.markings.code.tex
))
(/home/etienne/.texmf/tex/latex/pgfplots/tex/pgflibrarypgfplots.colorbrewer.cod
e.tex
(/home/etienne/.texmf/tex/latex/pgfplots/tex/tikzlibrarycolorbrewer.code.tex)))
(/home/etienne/.texmf/tex/latex/style/colorbrewer.sty)
(/home/etienne/ownCloud/Manuscrit/img/chapitre4/figure3//best-basis-s.aux)
\openout1 = `best-basis-s.aux'.

LaTeX Font Info:    Checking defaults for OML/cmm/m/it on input line 33.
LaTeX Font Info:    ... okay on input line 33.
LaTeX Font Info:    Checking defaults for T1/cmr/m/n on input line 33.
LaTeX Font Info:    ... okay on input line 33.
LaTeX Font Info:    Checking defaults for OT1/cmr/m/n on input line 33.
LaTeX Font Info:    ... okay on input line 33.
LaTeX Font Info:    Checking defaults for OMS/cmsy/m/n on input line 33.
LaTeX Font Info:    ... okay on input line 33.
LaTeX Font Info:    Checking defaults for OMX/cmex/m/n on input line 33.
LaTeX Font Info:    ... okay on input line 33.
LaTeX Font Info:    Checking defaults for U/cmr/m/n on input line 33.
LaTeX Font Info:    ... okay on input line 33.

ABD: EveryShipout initializing macros
(/home/etienne/.texlive/2019/texmf-dist/tex/context/base/mkii/supp-pdf.mkii
[Loading MPS to PDF converter (version 2006.09.02).]
\scratchcounter=\count121
\scratchdimen=\dimen171
\scratchbox=\box41
\nofMPsegments=\count122
\nofMParguments=\count123
\everyMPshowfont=\toks32
\MPscratchCnt=\count124
\MPscratchDim=\dimen172
\MPnumerator=\count125
\makeMPintoPDFobject=\count126
\everyMPtoPDFconversion=\toks33
) (/home/etienne/.texlive/2019/texmf-dist/tex/latex/oberdiek/epstopdf-base.sty
Package: epstopdf-base 2016/05/15 v2.6 Base part for package epstopdf

(/home/etienne/.texlive/2019/texmf-dist/tex/generic/oberdiek/infwarerr.sty
Package: infwarerr 2016/05/16 v1.4 Providing info/warning/error messages (HO)
)
(/home/etienne/.texlive/2019/texmf-dist/tex/latex/oberdiek/grfext.sty
Package: grfext 2016/05/16 v1.2 Manage graphics extensions (HO)

(/home/etienne/.texlive/2019/texmf-dist/tex/generic/oberdiek/kvdefinekeys.sty
Package: kvdefinekeys 2016/05/16 v1.4 Define keys (HO)

(/home/etienne/.texlive/2019/texmf-dist/tex/generic/oberdiek/ltxcmds.sty
Package: ltxcmds 2016/05/16 v1.23 LaTeX kernel commands for general use (HO)
)))
(/home/etienne/.texlive/2019/texmf-dist/tex/latex/oberdiek/kvoptions.sty
Package: kvoptions 2016/05/16 v3.12 Key value format for package options (HO)

(/home/etienne/.texlive/2019/texmf-dist/tex/generic/oberdiek/kvsetkeys.sty
Package: kvsetkeys 2016/05/16 v1.17 Key value parser (HO)

(/home/etienne/.texlive/2019/texmf-dist/tex/generic/oberdiek/etexcmds.sty
Package: etexcmds 2016/05/16 v1.6 Avoid name clashes with e-TeX commands (HO)
)))
(/home/etienne/.texlive/2019/texmf-dist/tex/generic/oberdiek/pdftexcmds.sty
Package: pdftexcmds 2019/07/25 v0.30 Utility functions of pdfTeX for LuaTeX (HO
)
Package pdftexcmds Info: LuaTeX not detected.
Package pdftexcmds Info: \pdf@primitive is available.
Package pdftexcmds Info: \pdf@ifprimitive is available.
Package pdftexcmds Info: \pdfdraftmode found.
)
Package epstopdf-base Info: Redefining graphics rule for `.eps' on input line 4
38.
Package grfext Info: Graphics extension search list:
(grfext)             [.pdf,.png,.jpg,.mps,.jpeg,.jbig2,.jb2,.PDF,.PNG,.JPG,.JPE
G,.JBIG2,.JB2,.eps]
(grfext)             \AppendGraphicsExtensions on input line 456.

(/home/etienne/.texlive/2019/texmf-dist/tex/latex/latexconfig/epstopdf-sys.cfg
File: epstopdf-sys.cfg 2010/07/13 v1.3 Configuration of (r)epstopdf for TeX Liv
e
))
Package pgfplots notification 'compat/show suggested version=true': you might b
enefit from \pgfplotsset{compat=1.17} (current compat level: 1.3).

PGFPlots: reading {Synth.dat}
PGFPlots: reading {Synth.dat}
PGFPlots: reading {Synth.dat}
PGFPlots: reading {Synth.dat}
PGFPlots: reading {Synth.dat}
PGFPlots: reading {Synth.dat}
PGFPlots: reading {Synth.dat}
PGFPlots: reading {Synth.dat}
LaTeX Font Info:    External font `cmex10' loaded for size
(Font)              <5> on input line 67.
LaTeX Font Info:    External font `cmex10' loaded for size
(Font)              <7> on input line 70.
[1

{/home/etienne/.texlive/2019/texmf-var/fonts/map/pdftex/updmap/pdftex.map}]
(/home/etienne/ownCloud/Manuscrit/img/chapitre4/figure3//best-basis-s.aux)

LaTeX Warning: Label(s) may have changed. Rerun to get cross-references right.

 ) 
Here is how much of TeX's memory you used:
 28383 strings out of 492167
 725887 string characters out of 6123477
 1419774 words of memory out of 5000000
 32357 multiletter control sequences out of 15000+600000
 3640 words of font info for 14 fonts, out of 8000000 for 9000
 1141 hyphenation exceptions out of 8191
 71i,12n,115p,1851b,2046s stack positions out of 5000i,500n,10000p,200000b,80000s
</home/etienne/.texlive/2019/texmf-dist/fonts/type1/public/amsfonts/cm/cmmi5.
pfb></home/etienne/.texlive/2019/texmf-dist/fonts/type1/public/amsfonts/cm/cmr5
.pfb></home/etienne/.texlive/2019/texmf-dist/fonts/type1/public/amsfonts/cm/cms
y5.pfb>
Output written on /home/etienne/ownCloud/Manuscrit/img/chapitre4/figure3//best-
basis-s.pdf (1 page, 33258 bytes).
PDF statistics:
 23 PDF objects out of 1000 (max. 8388607)
 16 compressed objects within 1 object stream
 0 named destinations out of 1000 (max. 500000)
 13 words of extra memory for PDF output out of 10000 (max. 10000000)

